<?xml version="1.0" encoding="UTF-8"?>
<!-- Generated by org.testng.reporters.JUnitXMLReporter -->
<testsuite ignored="0" hostname="LAPTOP-4CCMMQN3" failures="0" tests="3" name="Surefire test" time="29.053" errors="0" timestamp="2025-04-03T21:48:02 IST">
  <testcase classname="runner.TestRunner" name="TestCase1" time="9.158"/>
  <testcase classname="runner.TestRunner" name="TestCase2" time="6.144"/>
  <testcase classname="runner.TestRunner" name="TestCase3" time="6.079"/>
</testsuite> <!-- Surefire test -->
