<?xml version="1.0" encoding="UTF-8"?>
<!-- Generated by org.testng.reporters.JUnitXMLReporter -->
<testsuite ignored="0" hostname="LAPTOP-4CCMMQN3" failures="0" tests="3" name="Surefire test" time="29.057" errors="0" timestamp="2025-04-01T23:59:28 IST">
  <testcase classname="runner.TestRunner" name="TestCase1" time="6.964"/>
  <testcase classname="runner.TestRunner" name="TestCase2" time="7.335"/>
  <testcase classname="runner.TestRunner" name="TestCase3" time="6.57"/>
</testsuite> <!-- Surefire test -->
