<?xml version="1.0" encoding="UTF-8"?>
<testng-results ignored="0" total="1" passed="1" failed="0" skipped="0">
  <reporter-output>
  </reporter-output>
  <suite started-at="2025-04-01T12:43:03 IST" name="Surefire suite" finished-at="2025-04-01T12:43:18 IST" duration-ms="14551">
    <groups>
    </groups>
    <test started-at="2025-04-01T12:43:03 IST" name="Surefire test" finished-at="2025-04-01T12:43:18 IST" duration-ms="14551">
      <class name="runner.TestRunner">
        <test-method is-config="true" signature="createReport()[pri:0, instance:runner.TestRunner@20ce78ec]" started-at="2025-04-01T12:43:04 IST" name="createReport" finished-at="2025-04-01T12:43:04 IST" duration-ms="11" status="PASS">
          <reporter-output>
          </reporter-output>
        </test-method> <!-- createReport -->
        <test-method is-config="true" signature="setup()[pri:0, instance:runner.TestRunner@20ce78ec]" started-at="2025-04-01T12:43:04 IST" name="setup" finished-at="2025-04-01T12:43:06 IST" duration-ms="2638" status="PASS">
          <reporter-output>
          </reporter-output>
        </test-method> <!-- setup -->
        <test-method signature="TestCase1()[pri:0, instance:runner.TestRunner@20ce78ec]" started-at="2025-04-01T12:43:06 IST" name="TestCase1" finished-at="2025-04-01T12:43:18 IST" duration-ms="11640" status="PASS">
          <reporter-output>
          </reporter-output>
        </test-method> <!-- TestCase1 -->
        <test-method is-config="true" signature="tearDown()[pri:0, instance:runner.TestRunner@20ce78ec]" started-at="2025-04-01T12:43:18 IST" name="tearDown" finished-at="2025-04-01T12:43:18 IST" duration-ms="231" status="PASS">
          <reporter-output>
          </reporter-output>
        </test-method> <!-- tearDown -->
        <test-method is-config="true" signature="flushReport()[pri:0, instance:runner.TestRunner@20ce78ec]" started-at="2025-04-01T12:43:18 IST" name="flushReport" finished-at="2025-04-01T12:43:18 IST" duration-ms="0" status="PASS">
          <reporter-output>
          </reporter-output>
        </test-method> <!-- flushReport -->
      </class> <!-- runner.TestRunner -->
    </test> <!-- Surefire test -->
  </suite> <!-- Surefire suite -->
</testng-results>
