<?xml version="1.0" encoding="UTF-8"?>
<testng-results ignored="0" total="1" passed="1" failed="0" skipped="0">
  <reporter-output>
  </reporter-output>
  <suite started-at="2025-03-31T19:38:14 IST" name="Surefire suite" finished-at="2025-03-31T19:38:27 IST" duration-ms="12926">
    <groups>
    </groups>
    <test started-at="2025-03-31T19:38:14 IST" name="Surefire test" finished-at="2025-03-31T19:38:27 IST" duration-ms="12926">
      <class name="runner.TestRunner">
        <test-method is-config="true" signature="setup()[pri:0, instance:runner.TestRunner@1700915]" started-at="2025-03-31T19:38:14 IST" name="setup" finished-at="2025-03-31T19:38:17 IST" duration-ms="3140" status="PASS">
          <reporter-output>
          </reporter-output>
        </test-method> <!-- setup -->
        <test-method signature="TestCase1()[pri:0, instance:runner.TestRunner@1700915]" started-at="2025-03-31T19:38:17 IST" name="TestCase1" finished-at="2025-03-31T19:38:26 IST" duration-ms="9514" status="PASS">
          <reporter-output>
          </reporter-output>
        </test-method> <!-- TestCase1 -->
        <test-method is-config="true" signature="tearDown()[pri:0, instance:runner.TestRunner@1700915]" started-at="2025-03-31T19:38:26 IST" name="tearDown" finished-at="2025-03-31T19:38:27 IST" duration-ms="245" status="PASS">
          <reporter-output>
          </reporter-output>
        </test-method> <!-- tearDown -->
      </class> <!-- runner.TestRunner -->
    </test> <!-- Surefire test -->
  </suite> <!-- Surefire suite -->
</testng-results>
